<?xml version="1.0" encoding="UTF-8"?>
<!-- Generated by org.testng.reporters.JUnitReportReporter -->
<testsuite name="org.quickbook.com.quickbook.test.TestDrivers" tests="4" time="0.010" ignored="0" failures="0" timestamp="17 三月 2019 01:07:53 GMT" skipped="0" hostname="DESKTOP-RSCU4RQ" errors="0">
  <testcase name="verifyUserAgents" time="0.010" classname="org.quickbook.com.quickbook.test.TestDrivers"/>
  <testcase name="verifyUserAgents" time="0.000" classname="org.quickbook.com.quickbook.test.TestDrivers"/>
  <testcase name="verifyUserAgents" time="0.000" classname="org.quickbook.com.quickbook.test.TestDrivers"/>
  <testcase name="verifyUserAgents" time="0.000" classname="org.quickbook.com.quickbook.test.TestDrivers"/>
</testsuite> <!-- org.quickbook.com.quickbook.test.TestDrivers -->
